C:\USERS\OMARELFAROUKAHMED\GOOGLE DRIVE\SYNTAXANALYZER\SYNTAXANALYZER\DEBUG\SYNTAXANALYZER.PCH
C:\USERS\OMARELFAROUKAHMED\GOOGLE DRIVE\SYNTAXANALYZER\SYNTAXANALYZER\DEBUG\STDAFX.OBJ
C:\USERS\OMARELFAROUKAHMED\GOOGLE DRIVE\SYNTAXANALYZER\SYNTAXANALYZER\DEBUG\VC110.PDB
C:\USERS\OMARELFAROUKAHMED\GOOGLE DRIVE\SYNTAXANALYZER\SYNTAXANALYZER\DEBUG\LL1GRAMMARCONVERSIONTOOL.OBJ
C:\USERS\OMARELFAROUKAHMED\GOOGLE DRIVE\SYNTAXANALYZER\SYNTAXANALYZER\DEBUG\SYMBOL.OBJ
C:\USERS\OMARELFAROUKAHMED\GOOGLE DRIVE\SYNTAXANALYZER\SYNTAXANALYZER\DEBUG\SYNTAXANALYZER.OBJ
C:\USERS\OMARELFAROUKAHMED\GOOGLE DRIVE\SYNTAXANALYZER\DEBUG\SYNTAXANALYZER.ILK
C:\USERS\OMARELFAROUKAHMED\GOOGLE DRIVE\SYNTAXANALYZER\DEBUG\SYNTAXANALYZER.EXE
C:\USERS\OMARELFAROUKAHMED\GOOGLE DRIVE\SYNTAXANALYZER\DEBUG\SYNTAXANALYZER.PDB
C:\Users\OmarElfaroukAhmed\Google Drive\SyntaxAnalyzer\SyntaxAnalyzer\Debug\LL1GrammarConversionTool.obj
C:\Users\OmarElfaroukAhmed\Google Drive\SyntaxAnalyzer\SyntaxAnalyzer\Debug\stdafx.obj
C:\Users\OmarElfaroukAhmed\Google Drive\SyntaxAnalyzer\SyntaxAnalyzer\Debug\Symbol.obj
C:\Users\OmarElfaroukAhmed\Google Drive\SyntaxAnalyzer\SyntaxAnalyzer\Debug\SyntaxAnalyzer.obj
C:\Users\OmarElfaroukAhmed\Google Drive\SyntaxAnalyzer\SyntaxAnalyzer\Debug\cl.command.1.tlog
C:\Users\OmarElfaroukAhmed\Google Drive\SyntaxAnalyzer\SyntaxAnalyzer\Debug\CL.read.1.tlog
C:\Users\OmarElfaroukAhmed\Google Drive\SyntaxAnalyzer\SyntaxAnalyzer\Debug\CL.write.1.tlog
C:\Users\OmarElfaroukAhmed\Google Drive\SyntaxAnalyzer\SyntaxAnalyzer\Debug\link-cvtres.read.1.tlog
C:\Users\OmarElfaroukAhmed\Google Drive\SyntaxAnalyzer\SyntaxAnalyzer\Debug\link-cvtres.write.1.tlog
C:\Users\OmarElfaroukAhmed\Google Drive\SyntaxAnalyzer\SyntaxAnalyzer\Debug\link-rc.read.1.tlog
C:\Users\OmarElfaroukAhmed\Google Drive\SyntaxAnalyzer\SyntaxAnalyzer\Debug\link-rc.write.1.tlog
C:\Users\OmarElfaroukAhmed\Google Drive\SyntaxAnalyzer\SyntaxAnalyzer\Debug\link.2024-cvtres.read.1.tlog
C:\Users\OmarElfaroukAhmed\Google Drive\SyntaxAnalyzer\SyntaxAnalyzer\Debug\link.2024-cvtres.write.1.tlog
C:\Users\OmarElfaroukAhmed\Google Drive\SyntaxAnalyzer\SyntaxAnalyzer\Debug\link.2024-rc.read.1.tlog
C:\Users\OmarElfaroukAhmed\Google Drive\SyntaxAnalyzer\SyntaxAnalyzer\Debug\link.2024-rc.write.1.tlog
C:\Users\OmarElfaroukAhmed\Google Drive\SyntaxAnalyzer\SyntaxAnalyzer\Debug\link.2024.read.1.tlog
C:\Users\OmarElfaroukAhmed\Google Drive\SyntaxAnalyzer\SyntaxAnalyzer\Debug\link.2024.write.1.tlog
C:\Users\OmarElfaroukAhmed\Google Drive\SyntaxAnalyzer\SyntaxAnalyzer\Debug\link.3928-cvtres.read.1.tlog
C:\Users\OmarElfaroukAhmed\Google Drive\SyntaxAnalyzer\SyntaxAnalyzer\Debug\link.3928-cvtres.write.1.tlog
C:\Users\OmarElfaroukAhmed\Google Drive\SyntaxAnalyzer\SyntaxAnalyzer\Debug\link.3928-rc.read.1.tlog
C:\Users\OmarElfaroukAhmed\Google Drive\SyntaxAnalyzer\SyntaxAnalyzer\Debug\link.3928-rc.write.1.tlog
C:\Users\OmarElfaroukAhmed\Google Drive\SyntaxAnalyzer\SyntaxAnalyzer\Debug\link.3928.read.1.tlog
C:\Users\OmarElfaroukAhmed\Google Drive\SyntaxAnalyzer\SyntaxAnalyzer\Debug\link.3928.write.1.tlog
C:\Users\OmarElfaroukAhmed\Google Drive\SyntaxAnalyzer\SyntaxAnalyzer\Debug\link.4488-cvtres.read.1.tlog
C:\Users\OmarElfaroukAhmed\Google Drive\SyntaxAnalyzer\SyntaxAnalyzer\Debug\link.4488-cvtres.write.1.tlog
C:\Users\OmarElfaroukAhmed\Google Drive\SyntaxAnalyzer\SyntaxAnalyzer\Debug\link.4488-rc.read.1.tlog
C:\Users\OmarElfaroukAhmed\Google Drive\SyntaxAnalyzer\SyntaxAnalyzer\Debug\link.4488-rc.write.1.tlog
C:\Users\OmarElfaroukAhmed\Google Drive\SyntaxAnalyzer\SyntaxAnalyzer\Debug\link.4488.read.1.tlog
C:\Users\OmarElfaroukAhmed\Google Drive\SyntaxAnalyzer\SyntaxAnalyzer\Debug\link.4488.write.1.tlog
C:\Users\OmarElfaroukAhmed\Google Drive\SyntaxAnalyzer\SyntaxAnalyzer\Debug\link.7432-cvtres.read.1.tlog
C:\Users\OmarElfaroukAhmed\Google Drive\SyntaxAnalyzer\SyntaxAnalyzer\Debug\link.7432-cvtres.write.1.tlog
C:\Users\OmarElfaroukAhmed\Google Drive\SyntaxAnalyzer\SyntaxAnalyzer\Debug\link.7432-rc.read.1.tlog
C:\Users\OmarElfaroukAhmed\Google Drive\SyntaxAnalyzer\SyntaxAnalyzer\Debug\link.7432-rc.write.1.tlog
C:\Users\OmarElfaroukAhmed\Google Drive\SyntaxAnalyzer\SyntaxAnalyzer\Debug\link.7432.read.1.tlog
C:\Users\OmarElfaroukAhmed\Google Drive\SyntaxAnalyzer\SyntaxAnalyzer\Debug\link.7432.write.1.tlog
C:\Users\OmarElfaroukAhmed\Google Drive\SyntaxAnalyzer\SyntaxAnalyzer\Debug\link.command.1.tlog
C:\Users\OmarElfaroukAhmed\Google Drive\SyntaxAnalyzer\SyntaxAnalyzer\Debug\link.read.1.tlog
C:\Users\OmarElfaroukAhmed\Google Drive\SyntaxAnalyzer\SyntaxAnalyzer\Debug\link.write.1.tlog
C:\Users\OmarElfaroukAhmed\Google Drive\SyntaxAnalyzer\SyntaxAnalyzer\Debug\SyntaxAnalyzer.pch
C:\Users\OmarElfaroukAhmed\Google Drive\SyntaxAnalyzer\SyntaxAnalyzer\Debug\vc110.idb
C:\Users\OmarElfaroukAhmed\Google Drive\SyntaxAnalyzer\SyntaxAnalyzer\Debug\vc110.pdb
C:\Users\OmarElfaroukAhmed\Google Drive\SyntaxAnalyzer\Debug\SyntaxAnalyzer.pdb
C:\Users\OmarElfaroukAhmed\Google Drive\SyntaxAnalyzer\Debug\SyntaxAnalyzer.exe
C:\Users\OmarElfaroukAhmed\Google Drive\SyntaxAnalyzer\Debug\SyntaxAnalyzer.ilk
